INFO  [2014-04-07 02:14:48,573] org.reflections.Reflections: Reflections took 76 ms to scan 1 urls, producing 2 keys and 2 values 
DEBUG [2014-04-07 02:14:48,867] edu.sjsu.cmpe.procurement.ProcurementService: Queue name is /queue/31112.book.orders. Topic is /topic/31112.book.
WARN  [2014-04-07 02:14:48,881] com.yammer.dropwizard.config.ServerFactory: 
!!!!!!!!!!!!!!!!!!!!!!!!!!!!!!!!!!!!!!!!!!!!!!!!!!!!!!!!!!!!!!!!!!!!!!!!!!!!!!!!
!!!!!!!!!!!!!!!!!!!!!!!!!!!!!!!!!!!!!!!!!!!!!!!!!!!!!!!!!!!!!!!!!!!!!!!!!!!!!!!!
!    THIS SERVICE HAS NO HEALTHCHECKS. THIS MEANS YOU WILL NEVER KNOW IF IT    !
!    DIES IN PRODUCTION, WHICH MEANS YOU WILL NEVER KNOW IF YOU'RE LETTING     !
!     YOUR USERS DOWN. YOU SHOULD ADD A HEALTHCHECK FOR EACH DEPENDENCY OF     !
!     YOUR SERVICE WHICH FULLY (BUT LIGHTLY) TESTS YOUR SERVICE'S ABILITY TO   !
!      USE THAT SERVICE. THINK OF IT AS A CONTINUOUS INTEGRATION TEST.         !
!!!!!!!!!!!!!!!!!!!!!!!!!!!!!!!!!!!!!!!!!!!!!!!!!!!!!!!!!!!!!!!!!!!!!!!!!!!!!!!!
!!!!!!!!!!!!!!!!!!!!!!!!!!!!!!!!!!!!!!!!!!!!!!!!!!!!!!!!!!!!!!!!!!!!!!!!!!!!!!!!
INFO  [2014-04-07 02:14:48,930] com.yammer.dropwizard.cli.ServerCommand: Starting procurement-service
INFO  [2014-04-07 02:14:48,931] org.eclipse.jetty.server.Server: jetty-8.1.10.v20130312
INFO  [2014-04-07 02:14:48,989] com.sun.jersey.server.impl.application.WebApplicationImpl: Initiating Jersey application, version 'Jersey: 1.17.1 02/28/2013 12:47 PM'
INFO  [2014-04-07 02:14:49,010] com.yammer.dropwizard.config.Environment: The following paths were found for the configured resources:

    GET     / (edu.sjsu.cmpe.procurement.api.resources.RootResource)

INFO  [2014-04-07 02:14:49,010] com.yammer.dropwizard.config.Environment: tasks = 

    POST    /tasks/gc (com.yammer.dropwizard.tasks.GarbageCollectionTask)

INFO  [2014-04-07 02:14:49,148] org.quartz.impl.StdSchedulerFactory: Using default implementation for ThreadExecutor
INFO  [2014-04-07 02:14:49,151] org.quartz.simpl.SimpleThreadPool: Job execution threads will use class loader of thread: main
INFO  [2014-04-07 02:14:49,162] org.quartz.core.SchedulerSignalerImpl: Initialized Scheduler Signaller of type: class org.quartz.core.SchedulerSignalerImpl
INFO  [2014-04-07 02:14:49,163] org.quartz.core.QuartzScheduler: Quartz Scheduler v.2.2.0 created.
INFO  [2014-04-07 02:14:49,164] org.quartz.simpl.RAMJobStore: RAMJobStore initialized.
INFO  [2014-04-07 02:14:49,164] org.quartz.core.QuartzScheduler: Scheduler meta-data: Quartz Scheduler (v2.2.0) 'DefaultQuartzScheduler' with instanceId 'NON_CLUSTERED'
  Scheduler class: 'org.quartz.core.QuartzScheduler' - running locally.
  NOT STARTED.
  Currently in standby mode.
  Number of jobs executed: 0
  Using thread pool 'org.quartz.simpl.SimpleThreadPool' - with 10 threads.
  Using job-store 'org.quartz.simpl.RAMJobStore' - which does not support persistence. and is not clustered.

INFO  [2014-04-07 02:14:49,164] org.quartz.impl.StdSchedulerFactory: Quartz scheduler 'DefaultQuartzScheduler' initialized from default resource file in Quartz package: 'quartz.properties'
INFO  [2014-04-07 02:14:49,165] org.quartz.impl.StdSchedulerFactory: Quartz scheduler version: 2.2.0
INFO  [2014-04-07 02:14:49,165] org.quartz.core.QuartzScheduler: Scheduler DefaultQuartzScheduler_$_NON_CLUSTERED started.
INFO  [2014-04-07 02:14:49,170] de.spinscale.dropwizard.jobs.JobManager: Jobs to run on application start: []
INFO  [2014-04-07 02:14:49,172] de.spinscale.dropwizard.jobs.JobManager: Jobs with @Every annotation: [class edu.sjsu.cmpe.procurement.jobs.ProcurementSchedulerJob]
INFO  [2014-04-07 02:14:49,179] de.spinscale.dropwizard.jobs.JobManager: Jobs with @On annotation: []
INFO  [2014-04-07 02:14:49,185] org.eclipse.jetty.server.AbstractConnector: Started InstrumentedBlockingChannelConnector@0.0.0.0:9090
INFO  [2014-04-07 02:14:49,198] org.eclipse.jetty.server.AbstractConnector: Started SocketConnector@0.0.0.0:9000
INFO  [2014-04-07 02:15:41,386] org.reflections.Reflections: Reflections took 75 ms to scan 1 urls, producing 2 keys and 2 values 
DEBUG [2014-04-07 02:15:41,667] edu.sjsu.cmpe.procurement.ProcurementService: Queue name is /queue/31112.book.orders. Topic is /topic/31112.book.
WARN  [2014-04-07 02:15:41,680] com.yammer.dropwizard.config.ServerFactory: 
!!!!!!!!!!!!!!!!!!!!!!!!!!!!!!!!!!!!!!!!!!!!!!!!!!!!!!!!!!!!!!!!!!!!!!!!!!!!!!!!
!!!!!!!!!!!!!!!!!!!!!!!!!!!!!!!!!!!!!!!!!!!!!!!!!!!!!!!!!!!!!!!!!!!!!!!!!!!!!!!!
!    THIS SERVICE HAS NO HEALTHCHECKS. THIS MEANS YOU WILL NEVER KNOW IF IT    !
!    DIES IN PRODUCTION, WHICH MEANS YOU WILL NEVER KNOW IF YOU'RE LETTING     !
!     YOUR USERS DOWN. YOU SHOULD ADD A HEALTHCHECK FOR EACH DEPENDENCY OF     !
!     YOUR SERVICE WHICH FULLY (BUT LIGHTLY) TESTS YOUR SERVICE'S ABILITY TO   !
!      USE THAT SERVICE. THINK OF IT AS A CONTINUOUS INTEGRATION TEST.         !
!!!!!!!!!!!!!!!!!!!!!!!!!!!!!!!!!!!!!!!!!!!!!!!!!!!!!!!!!!!!!!!!!!!!!!!!!!!!!!!!
!!!!!!!!!!!!!!!!!!!!!!!!!!!!!!!!!!!!!!!!!!!!!!!!!!!!!!!!!!!!!!!!!!!!!!!!!!!!!!!!
INFO  [2014-04-07 02:15:41,727] com.yammer.dropwizard.cli.ServerCommand: Starting procurement-service
INFO  [2014-04-07 02:15:41,728] org.eclipse.jetty.server.Server: jetty-8.1.10.v20130312
INFO  [2014-04-07 02:15:41,786] com.sun.jersey.server.impl.application.WebApplicationImpl: Initiating Jersey application, version 'Jersey: 1.17.1 02/28/2013 12:47 PM'
INFO  [2014-04-07 02:15:41,806] com.yammer.dropwizard.config.Environment: The following paths were found for the configured resources:

    GET     / (edu.sjsu.cmpe.procurement.api.resources.RootResource)

INFO  [2014-04-07 02:15:41,806] com.yammer.dropwizard.config.Environment: tasks = 

    POST    /tasks/gc (com.yammer.dropwizard.tasks.GarbageCollectionTask)

INFO  [2014-04-07 02:15:41,948] org.quartz.impl.StdSchedulerFactory: Using default implementation for ThreadExecutor
INFO  [2014-04-07 02:15:41,951] org.quartz.simpl.SimpleThreadPool: Job execution threads will use class loader of thread: main
INFO  [2014-04-07 02:15:41,962] org.quartz.core.SchedulerSignalerImpl: Initialized Scheduler Signaller of type: class org.quartz.core.SchedulerSignalerImpl
INFO  [2014-04-07 02:15:41,963] org.quartz.core.QuartzScheduler: Quartz Scheduler v.2.2.0 created.
INFO  [2014-04-07 02:15:41,964] org.quartz.simpl.RAMJobStore: RAMJobStore initialized.
INFO  [2014-04-07 02:15:41,964] org.quartz.core.QuartzScheduler: Scheduler meta-data: Quartz Scheduler (v2.2.0) 'DefaultQuartzScheduler' with instanceId 'NON_CLUSTERED'
  Scheduler class: 'org.quartz.core.QuartzScheduler' - running locally.
  NOT STARTED.
  Currently in standby mode.
  Number of jobs executed: 0
  Using thread pool 'org.quartz.simpl.SimpleThreadPool' - with 10 threads.
  Using job-store 'org.quartz.simpl.RAMJobStore' - which does not support persistence. and is not clustered.

INFO  [2014-04-07 02:15:41,964] org.quartz.impl.StdSchedulerFactory: Quartz scheduler 'DefaultQuartzScheduler' initialized from default resource file in Quartz package: 'quartz.properties'
INFO  [2014-04-07 02:15:41,964] org.quartz.impl.StdSchedulerFactory: Quartz scheduler version: 2.2.0
INFO  [2014-04-07 02:15:41,964] org.quartz.core.QuartzScheduler: Scheduler DefaultQuartzScheduler_$_NON_CLUSTERED started.
INFO  [2014-04-07 02:15:41,967] de.spinscale.dropwizard.jobs.JobManager: Jobs to run on application start: []
INFO  [2014-04-07 02:15:41,968] de.spinscale.dropwizard.jobs.JobManager: Jobs with @Every annotation: [class edu.sjsu.cmpe.procurement.jobs.ProcurementSchedulerJob]
INFO  [2014-04-07 02:15:41,975] de.spinscale.dropwizard.jobs.JobManager: Jobs with @On annotation: []
INFO  [2014-04-07 02:15:41,980] org.eclipse.jetty.server.AbstractConnector: Started InstrumentedBlockingChannelConnector@0.0.0.0:9090
INFO  [2014-04-07 02:15:41,982] org.eclipse.jetty.server.AbstractConnector: Started SocketConnector@0.0.0.0:9000
DEBUG [2014-04-07 02:15:50,194] edu.sjsu.cmpe.procurement.jobs.ProcurementSchedulerJob: Response from jsontest.com: {"ip": "50.156.90.53"}

DEBUG [2014-04-07 02:20:47,946] edu.sjsu.cmpe.procurement.jobs.ProcurementSchedulerJob: Response from jsontest.com: {"ip": "50.156.90.53"}

INFO  [2014-04-07 02:32:13,203] org.reflections.Reflections: Reflections took 76 ms to scan 1 urls, producing 2 keys and 2 values 
DEBUG [2014-04-07 02:32:13,487] edu.sjsu.cmpe.procurement.ProcurementService: Queue name is /queue/31112.book.orders. Topic is /topic/31112.book.
WARN  [2014-04-07 02:32:13,500] com.yammer.dropwizard.config.ServerFactory: 
!!!!!!!!!!!!!!!!!!!!!!!!!!!!!!!!!!!!!!!!!!!!!!!!!!!!!!!!!!!!!!!!!!!!!!!!!!!!!!!!
!!!!!!!!!!!!!!!!!!!!!!!!!!!!!!!!!!!!!!!!!!!!!!!!!!!!!!!!!!!!!!!!!!!!!!!!!!!!!!!!
!    THIS SERVICE HAS NO HEALTHCHECKS. THIS MEANS YOU WILL NEVER KNOW IF IT    !
!    DIES IN PRODUCTION, WHICH MEANS YOU WILL NEVER KNOW IF YOU'RE LETTING     !
!     YOUR USERS DOWN. YOU SHOULD ADD A HEALTHCHECK FOR EACH DEPENDENCY OF     !
!     YOUR SERVICE WHICH FULLY (BUT LIGHTLY) TESTS YOUR SERVICE'S ABILITY TO   !
!      USE THAT SERVICE. THINK OF IT AS A CONTINUOUS INTEGRATION TEST.         !
!!!!!!!!!!!!!!!!!!!!!!!!!!!!!!!!!!!!!!!!!!!!!!!!!!!!!!!!!!!!!!!!!!!!!!!!!!!!!!!!
!!!!!!!!!!!!!!!!!!!!!!!!!!!!!!!!!!!!!!!!!!!!!!!!!!!!!!!!!!!!!!!!!!!!!!!!!!!!!!!!
INFO  [2014-04-07 02:32:13,548] com.yammer.dropwizard.cli.ServerCommand: Starting procurement-service
INFO  [2014-04-07 02:32:13,549] org.eclipse.jetty.server.Server: jetty-8.1.10.v20130312
INFO  [2014-04-07 02:32:13,607] com.sun.jersey.server.impl.application.WebApplicationImpl: Initiating Jersey application, version 'Jersey: 1.17.1 02/28/2013 12:47 PM'
INFO  [2014-04-07 02:32:13,627] com.yammer.dropwizard.config.Environment: The following paths were found for the configured resources:

    GET     / (edu.sjsu.cmpe.procurement.api.resources.RootResource)

INFO  [2014-04-07 02:32:13,627] com.yammer.dropwizard.config.Environment: tasks = 

    POST    /tasks/gc (com.yammer.dropwizard.tasks.GarbageCollectionTask)

INFO  [2014-04-07 02:32:13,770] org.quartz.impl.StdSchedulerFactory: Using default implementation for ThreadExecutor
INFO  [2014-04-07 02:32:13,772] org.quartz.simpl.SimpleThreadPool: Job execution threads will use class loader of thread: main
INFO  [2014-04-07 02:32:13,784] org.quartz.core.SchedulerSignalerImpl: Initialized Scheduler Signaller of type: class org.quartz.core.SchedulerSignalerImpl
INFO  [2014-04-07 02:32:13,785] org.quartz.core.QuartzScheduler: Quartz Scheduler v.2.2.0 created.
INFO  [2014-04-07 02:32:13,786] org.quartz.simpl.RAMJobStore: RAMJobStore initialized.
INFO  [2014-04-07 02:32:13,786] org.quartz.core.QuartzScheduler: Scheduler meta-data: Quartz Scheduler (v2.2.0) 'DefaultQuartzScheduler' with instanceId 'NON_CLUSTERED'
  Scheduler class: 'org.quartz.core.QuartzScheduler' - running locally.
  NOT STARTED.
  Currently in standby mode.
  Number of jobs executed: 0
  Using thread pool 'org.quartz.simpl.SimpleThreadPool' - with 10 threads.
  Using job-store 'org.quartz.simpl.RAMJobStore' - which does not support persistence. and is not clustered.

INFO  [2014-04-07 02:32:13,786] org.quartz.impl.StdSchedulerFactory: Quartz scheduler 'DefaultQuartzScheduler' initialized from default resource file in Quartz package: 'quartz.properties'
INFO  [2014-04-07 02:32:13,786] org.quartz.impl.StdSchedulerFactory: Quartz scheduler version: 2.2.0
INFO  [2014-04-07 02:32:13,786] org.quartz.core.QuartzScheduler: Scheduler DefaultQuartzScheduler_$_NON_CLUSTERED started.
INFO  [2014-04-07 02:32:13,790] de.spinscale.dropwizard.jobs.JobManager: Jobs to run on application start: []
INFO  [2014-04-07 02:32:13,790] de.spinscale.dropwizard.jobs.JobManager: Jobs with @Every annotation: [class edu.sjsu.cmpe.procurement.jobs.ProcurementSchedulerJob]
INFO  [2014-04-07 02:32:13,798] de.spinscale.dropwizard.jobs.JobManager: Jobs with @On annotation: []
INFO  [2014-04-07 02:32:13,803] org.eclipse.jetty.server.AbstractConnector: Started InstrumentedBlockingChannelConnector@0.0.0.0:9090
INFO  [2014-04-07 02:32:13,805] org.eclipse.jetty.server.AbstractConnector: Started SocketConnector@0.0.0.0:9000
DEBUG [2014-04-07 02:32:19,772] edu.sjsu.cmpe.procurement.jobs.ProcurementSchedulerJob: Response from jsontest.com: {"ip": "50.156.90.53"}

INFO  [2014-04-07 02:33:09,706] org.reflections.Reflections: Reflections took 74 ms to scan 1 urls, producing 2 keys and 2 values 
DEBUG [2014-04-07 02:33:09,990] edu.sjsu.cmpe.procurement.ProcurementService: Queue name is /queue/31112.book.orders. Topic is /topic/31112.book.
WARN  [2014-04-07 02:33:10,007] com.yammer.dropwizard.config.ServerFactory: 
!!!!!!!!!!!!!!!!!!!!!!!!!!!!!!!!!!!!!!!!!!!!!!!!!!!!!!!!!!!!!!!!!!!!!!!!!!!!!!!!
!!!!!!!!!!!!!!!!!!!!!!!!!!!!!!!!!!!!!!!!!!!!!!!!!!!!!!!!!!!!!!!!!!!!!!!!!!!!!!!!
!    THIS SERVICE HAS NO HEALTHCHECKS. THIS MEANS YOU WILL NEVER KNOW IF IT    !
!    DIES IN PRODUCTION, WHICH MEANS YOU WILL NEVER KNOW IF YOU'RE LETTING     !
!     YOUR USERS DOWN. YOU SHOULD ADD A HEALTHCHECK FOR EACH DEPENDENCY OF     !
!     YOUR SERVICE WHICH FULLY (BUT LIGHTLY) TESTS YOUR SERVICE'S ABILITY TO   !
!      USE THAT SERVICE. THINK OF IT AS A CONTINUOUS INTEGRATION TEST.         !
!!!!!!!!!!!!!!!!!!!!!!!!!!!!!!!!!!!!!!!!!!!!!!!!!!!!!!!!!!!!!!!!!!!!!!!!!!!!!!!!
!!!!!!!!!!!!!!!!!!!!!!!!!!!!!!!!!!!!!!!!!!!!!!!!!!!!!!!!!!!!!!!!!!!!!!!!!!!!!!!!
INFO  [2014-04-07 02:33:10,054] com.yammer.dropwizard.cli.ServerCommand: Starting procurement-service
INFO  [2014-04-07 02:33:10,055] org.eclipse.jetty.server.Server: jetty-8.1.10.v20130312
INFO  [2014-04-07 02:33:10,113] com.sun.jersey.server.impl.application.WebApplicationImpl: Initiating Jersey application, version 'Jersey: 1.17.1 02/28/2013 12:47 PM'
INFO  [2014-04-07 02:33:10,134] com.yammer.dropwizard.config.Environment: The following paths were found for the configured resources:

    GET     / (edu.sjsu.cmpe.procurement.api.resources.RootResource)

INFO  [2014-04-07 02:33:10,134] com.yammer.dropwizard.config.Environment: tasks = 

    POST    /tasks/gc (com.yammer.dropwizard.tasks.GarbageCollectionTask)

INFO  [2014-04-07 02:33:10,271] org.quartz.impl.StdSchedulerFactory: Using default implementation for ThreadExecutor
INFO  [2014-04-07 02:33:10,273] org.quartz.simpl.SimpleThreadPool: Job execution threads will use class loader of thread: main
INFO  [2014-04-07 02:33:10,284] org.quartz.core.SchedulerSignalerImpl: Initialized Scheduler Signaller of type: class org.quartz.core.SchedulerSignalerImpl
INFO  [2014-04-07 02:33:10,285] org.quartz.core.QuartzScheduler: Quartz Scheduler v.2.2.0 created.
INFO  [2014-04-07 02:33:10,286] org.quartz.simpl.RAMJobStore: RAMJobStore initialized.
INFO  [2014-04-07 02:33:10,286] org.quartz.core.QuartzScheduler: Scheduler meta-data: Quartz Scheduler (v2.2.0) 'DefaultQuartzScheduler' with instanceId 'NON_CLUSTERED'
  Scheduler class: 'org.quartz.core.QuartzScheduler' - running locally.
  NOT STARTED.
  Currently in standby mode.
  Number of jobs executed: 0
  Using thread pool 'org.quartz.simpl.SimpleThreadPool' - with 10 threads.
  Using job-store 'org.quartz.simpl.RAMJobStore' - which does not support persistence. and is not clustered.

INFO  [2014-04-07 02:33:10,286] org.quartz.impl.StdSchedulerFactory: Quartz scheduler 'DefaultQuartzScheduler' initialized from default resource file in Quartz package: 'quartz.properties'
INFO  [2014-04-07 02:33:10,286] org.quartz.impl.StdSchedulerFactory: Quartz scheduler version: 2.2.0
INFO  [2014-04-07 02:33:10,286] org.quartz.core.QuartzScheduler: Scheduler DefaultQuartzScheduler_$_NON_CLUSTERED started.
INFO  [2014-04-07 02:33:10,289] de.spinscale.dropwizard.jobs.JobManager: Jobs to run on application start: []
INFO  [2014-04-07 02:33:10,290] de.spinscale.dropwizard.jobs.JobManager: Jobs with @Every annotation: [class edu.sjsu.cmpe.procurement.jobs.ProcurementSchedulerJob]
INFO  [2014-04-07 02:33:10,297] de.spinscale.dropwizard.jobs.JobManager: Jobs with @On annotation: []
INFO  [2014-04-07 02:33:10,302] org.eclipse.jetty.server.AbstractConnector: Started InstrumentedBlockingChannelConnector@0.0.0.0:9090
INFO  [2014-04-07 02:33:10,316] org.eclipse.jetty.server.AbstractConnector: Started SocketConnector@0.0.0.0:9000
DEBUG [2014-04-07 02:33:17,667] edu.sjsu.cmpe.procurement.jobs.ProcurementSchedulerJob: Response from jsontest.com: {"ip": "50.156.90.53"}

INFO  [2014-04-07 02:38:46,806] org.reflections.Reflections: Reflections took 75 ms to scan 1 urls, producing 2 keys and 2 values 
DEBUG [2014-04-07 02:38:47,085] edu.sjsu.cmpe.procurement.ProcurementService: Queue name is /queue/31112.book.orders. Topic is /topic/31112.book.
WARN  [2014-04-07 02:38:47,098] com.yammer.dropwizard.config.ServerFactory: 
!!!!!!!!!!!!!!!!!!!!!!!!!!!!!!!!!!!!!!!!!!!!!!!!!!!!!!!!!!!!!!!!!!!!!!!!!!!!!!!!
!!!!!!!!!!!!!!!!!!!!!!!!!!!!!!!!!!!!!!!!!!!!!!!!!!!!!!!!!!!!!!!!!!!!!!!!!!!!!!!!
!    THIS SERVICE HAS NO HEALTHCHECKS. THIS MEANS YOU WILL NEVER KNOW IF IT    !
!    DIES IN PRODUCTION, WHICH MEANS YOU WILL NEVER KNOW IF YOU'RE LETTING     !
!     YOUR USERS DOWN. YOU SHOULD ADD A HEALTHCHECK FOR EACH DEPENDENCY OF     !
!     YOUR SERVICE WHICH FULLY (BUT LIGHTLY) TESTS YOUR SERVICE'S ABILITY TO   !
!      USE THAT SERVICE. THINK OF IT AS A CONTINUOUS INTEGRATION TEST.         !
!!!!!!!!!!!!!!!!!!!!!!!!!!!!!!!!!!!!!!!!!!!!!!!!!!!!!!!!!!!!!!!!!!!!!!!!!!!!!!!!
!!!!!!!!!!!!!!!!!!!!!!!!!!!!!!!!!!!!!!!!!!!!!!!!!!!!!!!!!!!!!!!!!!!!!!!!!!!!!!!!
INFO  [2014-04-07 02:38:47,145] com.yammer.dropwizard.cli.ServerCommand: Starting procurement-service
INFO  [2014-04-07 02:38:47,146] org.eclipse.jetty.server.Server: jetty-8.1.10.v20130312
INFO  [2014-04-07 02:38:47,203] com.sun.jersey.server.impl.application.WebApplicationImpl: Initiating Jersey application, version 'Jersey: 1.17.1 02/28/2013 12:47 PM'
INFO  [2014-04-07 02:38:47,224] com.yammer.dropwizard.config.Environment: The following paths were found for the configured resources:

    GET     / (edu.sjsu.cmpe.procurement.api.resources.RootResource)

INFO  [2014-04-07 02:38:47,224] com.yammer.dropwizard.config.Environment: tasks = 

    POST    /tasks/gc (com.yammer.dropwizard.tasks.GarbageCollectionTask)

INFO  [2014-04-07 02:38:47,367] org.quartz.impl.StdSchedulerFactory: Using default implementation for ThreadExecutor
INFO  [2014-04-07 02:38:47,369] org.quartz.simpl.SimpleThreadPool: Job execution threads will use class loader of thread: main
INFO  [2014-04-07 02:38:47,381] org.quartz.core.SchedulerSignalerImpl: Initialized Scheduler Signaller of type: class org.quartz.core.SchedulerSignalerImpl
INFO  [2014-04-07 02:38:47,382] org.quartz.core.QuartzScheduler: Quartz Scheduler v.2.2.0 created.
INFO  [2014-04-07 02:38:47,382] org.quartz.simpl.RAMJobStore: RAMJobStore initialized.
INFO  [2014-04-07 02:38:47,383] org.quartz.core.QuartzScheduler: Scheduler meta-data: Quartz Scheduler (v2.2.0) 'DefaultQuartzScheduler' with instanceId 'NON_CLUSTERED'
  Scheduler class: 'org.quartz.core.QuartzScheduler' - running locally.
  NOT STARTED.
  Currently in standby mode.
  Number of jobs executed: 0
  Using thread pool 'org.quartz.simpl.SimpleThreadPool' - with 10 threads.
  Using job-store 'org.quartz.simpl.RAMJobStore' - which does not support persistence. and is not clustered.

INFO  [2014-04-07 02:38:47,383] org.quartz.impl.StdSchedulerFactory: Quartz scheduler 'DefaultQuartzScheduler' initialized from default resource file in Quartz package: 'quartz.properties'
INFO  [2014-04-07 02:38:47,383] org.quartz.impl.StdSchedulerFactory: Quartz scheduler version: 2.2.0
INFO  [2014-04-07 02:38:47,383] org.quartz.core.QuartzScheduler: Scheduler DefaultQuartzScheduler_$_NON_CLUSTERED started.
INFO  [2014-04-07 02:38:47,386] de.spinscale.dropwizard.jobs.JobManager: Jobs to run on application start: []
INFO  [2014-04-07 02:38:47,387] de.spinscale.dropwizard.jobs.JobManager: Jobs with @Every annotation: [class edu.sjsu.cmpe.procurement.jobs.ProcurementSchedulerJob]
INFO  [2014-04-07 02:38:47,394] de.spinscale.dropwizard.jobs.JobManager: Jobs with @On annotation: []
INFO  [2014-04-07 02:38:47,399] org.eclipse.jetty.server.AbstractConnector: Started InstrumentedBlockingChannelConnector@0.0.0.0:9090
INFO  [2014-04-07 02:38:47,411] org.eclipse.jetty.server.AbstractConnector: Started SocketConnector@0.0.0.0:9000
DEBUG [2014-04-07 02:38:53,601] edu.sjsu.cmpe.procurement.jobs.ProcurementSchedulerJob: Response from jsontest.com: {"ip": "50.156.90.53"}

