DEBUG [2014-04-05 23:23:20,741] edu.sjsu.cmpe.library.LibraryService: library-b - Queue name is /queue/99999.book.orders. Topic name is /topic/99999.book.computer
WARN  [2014-04-05 23:23:20,759] com.yammer.dropwizard.config.ServerFactory: 
!!!!!!!!!!!!!!!!!!!!!!!!!!!!!!!!!!!!!!!!!!!!!!!!!!!!!!!!!!!!!!!!!!!!!!!!!!!!!!!!
!!!!!!!!!!!!!!!!!!!!!!!!!!!!!!!!!!!!!!!!!!!!!!!!!!!!!!!!!!!!!!!!!!!!!!!!!!!!!!!!
!    THIS SERVICE HAS NO HEALTHCHECKS. THIS MEANS YOU WILL NEVER KNOW IF IT    !
!    DIES IN PRODUCTION, WHICH MEANS YOU WILL NEVER KNOW IF YOU'RE LETTING     !
!     YOUR USERS DOWN. YOU SHOULD ADD A HEALTHCHECK FOR EACH DEPENDENCY OF     !
!     YOUR SERVICE WHICH FULLY (BUT LIGHTLY) TESTS YOUR SERVICE'S ABILITY TO   !
!      USE THAT SERVICE. THINK OF IT AS A CONTINUOUS INTEGRATION TEST.         !
!!!!!!!!!!!!!!!!!!!!!!!!!!!!!!!!!!!!!!!!!!!!!!!!!!!!!!!!!!!!!!!!!!!!!!!!!!!!!!!!
!!!!!!!!!!!!!!!!!!!!!!!!!!!!!!!!!!!!!!!!!!!!!!!!!!!!!!!!!!!!!!!!!!!!!!!!!!!!!!!!
INFO  [2014-04-05 23:23:20,854] com.yammer.dropwizard.cli.ServerCommand: Starting library-service
INFO  [2014-04-05 23:23:20,855] org.eclipse.jetty.server.Server: jetty-8.1.10.v20130312
INFO  [2014-04-05 23:23:20,935] com.sun.jersey.server.impl.application.WebApplicationImpl: Initiating Jersey application, version 'Jersey: 1.17.1 02/28/2013 12:47 PM'
INFO  [2014-04-05 23:23:20,985] com.yammer.dropwizard.config.Environment: The following paths were found for the configured resources:

    DELETE  /library/v1/books/{isbn} (edu.sjsu.cmpe.library.api.resources.BookResource)
    GET     /library/v1/books/ (edu.sjsu.cmpe.library.api.resources.BookResource)
    GET     /library/v1/books/{isbn} (edu.sjsu.cmpe.library.api.resources.BookResource)
    POST    /library/v1/books (edu.sjsu.cmpe.library.api.resources.BookResource)
    PUT     /library/v1/books/{isbn} (edu.sjsu.cmpe.library.api.resources.BookResource)
    GET     /library/ (edu.sjsu.cmpe.library.ui.resources.HomeResource)
    GET     /library/v1/ (edu.sjsu.cmpe.library.api.resources.RootResource)

INFO  [2014-04-05 23:23:20,985] com.yammer.dropwizard.config.Environment: tasks = 

    POST    /tasks/gc (com.yammer.dropwizard.tasks.GarbageCollectionTask)

WARN  [2014-04-05 23:23:21,194] com.sun.jersey.spi.inject.Errors: The following warnings have been detected with resource and/or provider classes:
  WARNING: A sub-resource method, public edu.sjsu.cmpe.library.dto.BooksDto edu.sjsu.cmpe.library.api.resources.BookResource.getAllBooks(), with URI template, "/", is treated as a resource method
INFO  [2014-04-05 23:23:21,201] org.eclipse.jetty.server.AbstractConnector: Started InstrumentedBlockingChannelConnector@0.0.0.0:8002
INFO  [2014-04-05 23:23:21,202] org.eclipse.jetty.server.AbstractConnector: Started SocketConnector@0.0.0.0:9002
DEBUG [2014-04-05 23:29:07,326] edu.sjsu.cmpe.library.LibraryService: library-b - Queue name is /queue/99999.book.orders. Topic name is /topic/99999.book.computer
WARN  [2014-04-05 23:29:07,342] com.yammer.dropwizard.config.ServerFactory: 
!!!!!!!!!!!!!!!!!!!!!!!!!!!!!!!!!!!!!!!!!!!!!!!!!!!!!!!!!!!!!!!!!!!!!!!!!!!!!!!!
!!!!!!!!!!!!!!!!!!!!!!!!!!!!!!!!!!!!!!!!!!!!!!!!!!!!!!!!!!!!!!!!!!!!!!!!!!!!!!!!
!    THIS SERVICE HAS NO HEALTHCHECKS. THIS MEANS YOU WILL NEVER KNOW IF IT    !
!    DIES IN PRODUCTION, WHICH MEANS YOU WILL NEVER KNOW IF YOU'RE LETTING     !
!     YOUR USERS DOWN. YOU SHOULD ADD A HEALTHCHECK FOR EACH DEPENDENCY OF     !
!     YOUR SERVICE WHICH FULLY (BUT LIGHTLY) TESTS YOUR SERVICE'S ABILITY TO   !
!      USE THAT SERVICE. THINK OF IT AS A CONTINUOUS INTEGRATION TEST.         !
!!!!!!!!!!!!!!!!!!!!!!!!!!!!!!!!!!!!!!!!!!!!!!!!!!!!!!!!!!!!!!!!!!!!!!!!!!!!!!!!
!!!!!!!!!!!!!!!!!!!!!!!!!!!!!!!!!!!!!!!!!!!!!!!!!!!!!!!!!!!!!!!!!!!!!!!!!!!!!!!!
INFO  [2014-04-05 23:29:07,399] com.yammer.dropwizard.cli.ServerCommand: Starting library-service
INFO  [2014-04-05 23:29:07,400] org.eclipse.jetty.server.Server: jetty-8.1.10.v20130312
INFO  [2014-04-05 23:29:07,467] com.sun.jersey.server.impl.application.WebApplicationImpl: Initiating Jersey application, version 'Jersey: 1.17.1 02/28/2013 12:47 PM'
INFO  [2014-04-05 23:29:07,517] com.yammer.dropwizard.config.Environment: The following paths were found for the configured resources:

    DELETE  /library/v1/books/{isbn} (edu.sjsu.cmpe.library.api.resources.BookResource)
    GET     /library/v1/books/ (edu.sjsu.cmpe.library.api.resources.BookResource)
    GET     /library/v1/books/{isbn} (edu.sjsu.cmpe.library.api.resources.BookResource)
    POST    /library/v1/books (edu.sjsu.cmpe.library.api.resources.BookResource)
    PUT     /library/v1/books/{isbn} (edu.sjsu.cmpe.library.api.resources.BookResource)
    GET     /library/ (edu.sjsu.cmpe.library.ui.resources.HomeResource)
    GET     /library/v1/ (edu.sjsu.cmpe.library.api.resources.RootResource)

INFO  [2014-04-05 23:29:07,517] com.yammer.dropwizard.config.Environment: tasks = 

    POST    /tasks/gc (com.yammer.dropwizard.tasks.GarbageCollectionTask)

WARN  [2014-04-05 23:29:07,733] com.sun.jersey.spi.inject.Errors: The following warnings have been detected with resource and/or provider classes:
  WARNING: A sub-resource method, public edu.sjsu.cmpe.library.dto.BooksDto edu.sjsu.cmpe.library.api.resources.BookResource.getAllBooks(), with URI template, "/", is treated as a resource method
INFO  [2014-04-05 23:29:07,742] org.eclipse.jetty.server.AbstractConnector: Started InstrumentedBlockingChannelConnector@0.0.0.0:8002
INFO  [2014-04-05 23:29:07,743] org.eclipse.jetty.server.AbstractConnector: Started SocketConnector@0.0.0.0:9002
DEBUG [2014-04-05 23:49:31,632] edu.sjsu.cmpe.library.LibraryService: library-b - Queue name is /queue/99999.book.orders. Topic name is /topic/99999.book.computer
WARN  [2014-04-05 23:49:31,648] com.yammer.dropwizard.config.ServerFactory: 
!!!!!!!!!!!!!!!!!!!!!!!!!!!!!!!!!!!!!!!!!!!!!!!!!!!!!!!!!!!!!!!!!!!!!!!!!!!!!!!!
!!!!!!!!!!!!!!!!!!!!!!!!!!!!!!!!!!!!!!!!!!!!!!!!!!!!!!!!!!!!!!!!!!!!!!!!!!!!!!!!
!    THIS SERVICE HAS NO HEALTHCHECKS. THIS MEANS YOU WILL NEVER KNOW IF IT    !
!    DIES IN PRODUCTION, WHICH MEANS YOU WILL NEVER KNOW IF YOU'RE LETTING     !
!     YOUR USERS DOWN. YOU SHOULD ADD A HEALTHCHECK FOR EACH DEPENDENCY OF     !
!     YOUR SERVICE WHICH FULLY (BUT LIGHTLY) TESTS YOUR SERVICE'S ABILITY TO   !
!      USE THAT SERVICE. THINK OF IT AS A CONTINUOUS INTEGRATION TEST.         !
!!!!!!!!!!!!!!!!!!!!!!!!!!!!!!!!!!!!!!!!!!!!!!!!!!!!!!!!!!!!!!!!!!!!!!!!!!!!!!!!
!!!!!!!!!!!!!!!!!!!!!!!!!!!!!!!!!!!!!!!!!!!!!!!!!!!!!!!!!!!!!!!!!!!!!!!!!!!!!!!!
INFO  [2014-04-05 23:49:31,706] com.yammer.dropwizard.cli.ServerCommand: Starting library-service
INFO  [2014-04-05 23:49:31,707] org.eclipse.jetty.server.Server: jetty-8.1.10.v20130312
INFO  [2014-04-05 23:49:31,774] com.sun.jersey.server.impl.application.WebApplicationImpl: Initiating Jersey application, version 'Jersey: 1.17.1 02/28/2013 12:47 PM'
INFO  [2014-04-05 23:49:31,823] com.yammer.dropwizard.config.Environment: The following paths were found for the configured resources:

    DELETE  /library/v1/books/{isbn} (edu.sjsu.cmpe.library.api.resources.BookResource)
    GET     /library/v1/books/ (edu.sjsu.cmpe.library.api.resources.BookResource)
    GET     /library/v1/books/{isbn} (edu.sjsu.cmpe.library.api.resources.BookResource)
    POST    /library/v1/books (edu.sjsu.cmpe.library.api.resources.BookResource)
    PUT     /library/v1/books/{isbn} (edu.sjsu.cmpe.library.api.resources.BookResource)
    GET     /library/ (edu.sjsu.cmpe.library.ui.resources.HomeResource)
    GET     /library/v1/ (edu.sjsu.cmpe.library.api.resources.RootResource)

INFO  [2014-04-05 23:49:31,823] com.yammer.dropwizard.config.Environment: tasks = 

    POST    /tasks/gc (com.yammer.dropwizard.tasks.GarbageCollectionTask)

WARN  [2014-04-05 23:49:32,030] com.sun.jersey.spi.inject.Errors: The following warnings have been detected with resource and/or provider classes:
  WARNING: A sub-resource method, public edu.sjsu.cmpe.library.dto.BooksDto edu.sjsu.cmpe.library.api.resources.BookResource.getAllBooks(), with URI template, "/", is treated as a resource method
INFO  [2014-04-05 23:49:32,037] org.eclipse.jetty.server.AbstractConnector: Started InstrumentedBlockingChannelConnector@0.0.0.0:8002
INFO  [2014-04-05 23:49:32,038] org.eclipse.jetty.server.AbstractConnector: Started SocketConnector@0.0.0.0:9002
DEBUG [2014-04-06 02:00:07,081] edu.sjsu.cmpe.library.LibraryService: library-b - Queue name is /queue/99999.book.orders. Topic name is /topic/99999.book.computer
WARN  [2014-04-06 02:00:07,097] com.yammer.dropwizard.config.ServerFactory: 
!!!!!!!!!!!!!!!!!!!!!!!!!!!!!!!!!!!!!!!!!!!!!!!!!!!!!!!!!!!!!!!!!!!!!!!!!!!!!!!!
!!!!!!!!!!!!!!!!!!!!!!!!!!!!!!!!!!!!!!!!!!!!!!!!!!!!!!!!!!!!!!!!!!!!!!!!!!!!!!!!
!    THIS SERVICE HAS NO HEALTHCHECKS. THIS MEANS YOU WILL NEVER KNOW IF IT    !
!    DIES IN PRODUCTION, WHICH MEANS YOU WILL NEVER KNOW IF YOU'RE LETTING     !
!     YOUR USERS DOWN. YOU SHOULD ADD A HEALTHCHECK FOR EACH DEPENDENCY OF     !
!     YOUR SERVICE WHICH FULLY (BUT LIGHTLY) TESTS YOUR SERVICE'S ABILITY TO   !
!      USE THAT SERVICE. THINK OF IT AS A CONTINUOUS INTEGRATION TEST.         !
!!!!!!!!!!!!!!!!!!!!!!!!!!!!!!!!!!!!!!!!!!!!!!!!!!!!!!!!!!!!!!!!!!!!!!!!!!!!!!!!
!!!!!!!!!!!!!!!!!!!!!!!!!!!!!!!!!!!!!!!!!!!!!!!!!!!!!!!!!!!!!!!!!!!!!!!!!!!!!!!!
INFO  [2014-04-06 02:00:07,148] com.yammer.dropwizard.cli.ServerCommand: Starting library-service
INFO  [2014-04-06 02:00:07,149] org.eclipse.jetty.server.Server: jetty-8.1.10.v20130312
INFO  [2014-04-06 02:00:07,216] com.sun.jersey.server.impl.application.WebApplicationImpl: Initiating Jersey application, version 'Jersey: 1.17.1 02/28/2013 12:47 PM'
INFO  [2014-04-06 02:00:07,267] com.yammer.dropwizard.config.Environment: The following paths were found for the configured resources:

    DELETE  /library/v1/books/{isbn} (edu.sjsu.cmpe.library.api.resources.BookResource)
    GET     /library/v1/books/ (edu.sjsu.cmpe.library.api.resources.BookResource)
    GET     /library/v1/books/{isbn} (edu.sjsu.cmpe.library.api.resources.BookResource)
    POST    /library/v1/books (edu.sjsu.cmpe.library.api.resources.BookResource)
    PUT     /library/v1/books/{isbn} (edu.sjsu.cmpe.library.api.resources.BookResource)
    GET     /library/ (edu.sjsu.cmpe.library.ui.resources.HomeResource)
    GET     /library/v1/ (edu.sjsu.cmpe.library.api.resources.RootResource)

INFO  [2014-04-06 02:00:07,267] com.yammer.dropwizard.config.Environment: tasks = 

    POST    /tasks/gc (com.yammer.dropwizard.tasks.GarbageCollectionTask)

WARN  [2014-04-06 02:00:07,476] com.sun.jersey.spi.inject.Errors: The following warnings have been detected with resource and/or provider classes:
  WARNING: A sub-resource method, public edu.sjsu.cmpe.library.dto.BooksDto edu.sjsu.cmpe.library.api.resources.BookResource.getAllBooks(), with URI template, "/", is treated as a resource method
INFO  [2014-04-06 02:00:07,479] org.eclipse.jetty.server.AbstractConnector: Started InstrumentedBlockingChannelConnector@0.0.0.0:8002
INFO  [2014-04-06 02:00:07,481] org.eclipse.jetty.server.AbstractConnector: Started SocketConnector@0.0.0.0:9002
DEBUG [2014-04-06 02:15:55,685] edu.sjsu.cmpe.library.LibraryService: library-b - Queue name is /queue/99999.book.orders. Topic name is /topic/99999.book.computer
WARN  [2014-04-06 02:15:55,704] com.yammer.dropwizard.config.ServerFactory: 
!!!!!!!!!!!!!!!!!!!!!!!!!!!!!!!!!!!!!!!!!!!!!!!!!!!!!!!!!!!!!!!!!!!!!!!!!!!!!!!!
!!!!!!!!!!!!!!!!!!!!!!!!!!!!!!!!!!!!!!!!!!!!!!!!!!!!!!!!!!!!!!!!!!!!!!!!!!!!!!!!
!    THIS SERVICE HAS NO HEALTHCHECKS. THIS MEANS YOU WILL NEVER KNOW IF IT    !
!    DIES IN PRODUCTION, WHICH MEANS YOU WILL NEVER KNOW IF YOU'RE LETTING     !
!     YOUR USERS DOWN. YOU SHOULD ADD A HEALTHCHECK FOR EACH DEPENDENCY OF     !
!     YOUR SERVICE WHICH FULLY (BUT LIGHTLY) TESTS YOUR SERVICE'S ABILITY TO   !
!      USE THAT SERVICE. THINK OF IT AS A CONTINUOUS INTEGRATION TEST.         !
!!!!!!!!!!!!!!!!!!!!!!!!!!!!!!!!!!!!!!!!!!!!!!!!!!!!!!!!!!!!!!!!!!!!!!!!!!!!!!!!
!!!!!!!!!!!!!!!!!!!!!!!!!!!!!!!!!!!!!!!!!!!!!!!!!!!!!!!!!!!!!!!!!!!!!!!!!!!!!!!!
INFO  [2014-04-06 02:15:55,757] com.yammer.dropwizard.cli.ServerCommand: Starting library-service
INFO  [2014-04-06 02:15:55,758] org.eclipse.jetty.server.Server: jetty-8.1.10.v20130312
INFO  [2014-04-06 02:15:55,825] com.sun.jersey.server.impl.application.WebApplicationImpl: Initiating Jersey application, version 'Jersey: 1.17.1 02/28/2013 12:47 PM'
INFO  [2014-04-06 02:15:55,873] com.yammer.dropwizard.config.Environment: The following paths were found for the configured resources:

    DELETE  /library/v1/books/{isbn} (edu.sjsu.cmpe.library.api.resources.BookResource)
    GET     /library/v1/books/ (edu.sjsu.cmpe.library.api.resources.BookResource)
    GET     /library/v1/books/{isbn} (edu.sjsu.cmpe.library.api.resources.BookResource)
    POST    /library/v1/books (edu.sjsu.cmpe.library.api.resources.BookResource)
    PUT     /library/v1/books/{isbn} (edu.sjsu.cmpe.library.api.resources.BookResource)
    GET     /library/ (edu.sjsu.cmpe.library.ui.resources.HomeResource)
    GET     /library/v1/ (edu.sjsu.cmpe.library.api.resources.RootResource)

INFO  [2014-04-06 02:15:55,873] com.yammer.dropwizard.config.Environment: tasks = 

    POST    /tasks/gc (com.yammer.dropwizard.tasks.GarbageCollectionTask)

WARN  [2014-04-06 02:15:56,083] com.sun.jersey.spi.inject.Errors: The following warnings have been detected with resource and/or provider classes:
  WARNING: A sub-resource method, public edu.sjsu.cmpe.library.dto.BooksDto edu.sjsu.cmpe.library.api.resources.BookResource.getAllBooks(), with URI template, "/", is treated as a resource method
INFO  [2014-04-06 02:15:56,086] org.eclipse.jetty.server.AbstractConnector: Started InstrumentedBlockingChannelConnector@0.0.0.0:8002
INFO  [2014-04-06 02:15:56,087] org.eclipse.jetty.server.AbstractConnector: Started SocketConnector@0.0.0.0:9002
DEBUG [2014-04-06 02:31:10,503] edu.sjsu.cmpe.library.LibraryService: library-b - Queue name is /queue/99999.book.orders. Topic name is /topic/99999.book.computer
WARN  [2014-04-06 02:31:10,519] com.yammer.dropwizard.config.ServerFactory: 
!!!!!!!!!!!!!!!!!!!!!!!!!!!!!!!!!!!!!!!!!!!!!!!!!!!!!!!!!!!!!!!!!!!!!!!!!!!!!!!!
!!!!!!!!!!!!!!!!!!!!!!!!!!!!!!!!!!!!!!!!!!!!!!!!!!!!!!!!!!!!!!!!!!!!!!!!!!!!!!!!
!    THIS SERVICE HAS NO HEALTHCHECKS. THIS MEANS YOU WILL NEVER KNOW IF IT    !
!    DIES IN PRODUCTION, WHICH MEANS YOU WILL NEVER KNOW IF YOU'RE LETTING     !
!     YOUR USERS DOWN. YOU SHOULD ADD A HEALTHCHECK FOR EACH DEPENDENCY OF     !
!     YOUR SERVICE WHICH FULLY (BUT LIGHTLY) TESTS YOUR SERVICE'S ABILITY TO   !
!      USE THAT SERVICE. THINK OF IT AS A CONTINUOUS INTEGRATION TEST.         !
!!!!!!!!!!!!!!!!!!!!!!!!!!!!!!!!!!!!!!!!!!!!!!!!!!!!!!!!!!!!!!!!!!!!!!!!!!!!!!!!
!!!!!!!!!!!!!!!!!!!!!!!!!!!!!!!!!!!!!!!!!!!!!!!!!!!!!!!!!!!!!!!!!!!!!!!!!!!!!!!!
INFO  [2014-04-06 02:31:10,570] com.yammer.dropwizard.cli.ServerCommand: Starting library-service
INFO  [2014-04-06 02:31:10,572] org.eclipse.jetty.server.Server: jetty-8.1.10.v20130312
INFO  [2014-04-06 02:31:10,639] com.sun.jersey.server.impl.application.WebApplicationImpl: Initiating Jersey application, version 'Jersey: 1.17.1 02/28/2013 12:47 PM'
INFO  [2014-04-06 02:31:10,687] com.yammer.dropwizard.config.Environment: The following paths were found for the configured resources:

    DELETE  /library/v1/books/{isbn} (edu.sjsu.cmpe.library.api.resources.BookResource)
    GET     /library/v1/books/ (edu.sjsu.cmpe.library.api.resources.BookResource)
    GET     /library/v1/books/{isbn} (edu.sjsu.cmpe.library.api.resources.BookResource)
    POST    /library/v1/books (edu.sjsu.cmpe.library.api.resources.BookResource)
    PUT     /library/v1/books/{isbn} (edu.sjsu.cmpe.library.api.resources.BookResource)
    GET     /library/ (edu.sjsu.cmpe.library.ui.resources.HomeResource)
    GET     /library/v1/ (edu.sjsu.cmpe.library.api.resources.RootResource)

INFO  [2014-04-06 02:31:10,688] com.yammer.dropwizard.config.Environment: tasks = 

    POST    /tasks/gc (com.yammer.dropwizard.tasks.GarbageCollectionTask)

WARN  [2014-04-06 02:31:10,897] com.sun.jersey.spi.inject.Errors: The following warnings have been detected with resource and/or provider classes:
  WARNING: A sub-resource method, public edu.sjsu.cmpe.library.dto.BooksDto edu.sjsu.cmpe.library.api.resources.BookResource.getAllBooks(), with URI template, "/", is treated as a resource method
INFO  [2014-04-06 02:31:10,901] org.eclipse.jetty.server.AbstractConnector: Started InstrumentedBlockingChannelConnector@0.0.0.0:8002
INFO  [2014-04-06 02:31:10,902] org.eclipse.jetty.server.AbstractConnector: Started SocketConnector@0.0.0.0:9002
DEBUG [2014-04-06 02:37:12,653] edu.sjsu.cmpe.library.LibraryService: library-b - Queue name is /queue/99999.book.orders. Topic name is /topic/99999.book.computer
WARN  [2014-04-06 02:37:12,669] com.yammer.dropwizard.config.ServerFactory: 
!!!!!!!!!!!!!!!!!!!!!!!!!!!!!!!!!!!!!!!!!!!!!!!!!!!!!!!!!!!!!!!!!!!!!!!!!!!!!!!!
!!!!!!!!!!!!!!!!!!!!!!!!!!!!!!!!!!!!!!!!!!!!!!!!!!!!!!!!!!!!!!!!!!!!!!!!!!!!!!!!
!    THIS SERVICE HAS NO HEALTHCHECKS. THIS MEANS YOU WILL NEVER KNOW IF IT    !
!    DIES IN PRODUCTION, WHICH MEANS YOU WILL NEVER KNOW IF YOU'RE LETTING     !
!     YOUR USERS DOWN. YOU SHOULD ADD A HEALTHCHECK FOR EACH DEPENDENCY OF     !
!     YOUR SERVICE WHICH FULLY (BUT LIGHTLY) TESTS YOUR SERVICE'S ABILITY TO   !
!      USE THAT SERVICE. THINK OF IT AS A CONTINUOUS INTEGRATION TEST.         !
!!!!!!!!!!!!!!!!!!!!!!!!!!!!!!!!!!!!!!!!!!!!!!!!!!!!!!!!!!!!!!!!!!!!!!!!!!!!!!!!
!!!!!!!!!!!!!!!!!!!!!!!!!!!!!!!!!!!!!!!!!!!!!!!!!!!!!!!!!!!!!!!!!!!!!!!!!!!!!!!!
INFO  [2014-04-06 02:37:12,718] com.yammer.dropwizard.cli.ServerCommand: Starting library-service
INFO  [2014-04-06 02:37:12,720] org.eclipse.jetty.server.Server: jetty-8.1.10.v20130312
INFO  [2014-04-06 02:37:12,786] com.sun.jersey.server.impl.application.WebApplicationImpl: Initiating Jersey application, version 'Jersey: 1.17.1 02/28/2013 12:47 PM'
INFO  [2014-04-06 02:37:12,835] com.yammer.dropwizard.config.Environment: The following paths were found for the configured resources:

    DELETE  /library/v1/books/{isbn} (edu.sjsu.cmpe.library.api.resources.BookResource)
    GET     /library/v1/books/ (edu.sjsu.cmpe.library.api.resources.BookResource)
    GET     /library/v1/books/{isbn} (edu.sjsu.cmpe.library.api.resources.BookResource)
    POST    /library/v1/books (edu.sjsu.cmpe.library.api.resources.BookResource)
    PUT     /library/v1/books/{isbn} (edu.sjsu.cmpe.library.api.resources.BookResource)
    GET     /library/ (edu.sjsu.cmpe.library.ui.resources.HomeResource)
    GET     /library/v1/ (edu.sjsu.cmpe.library.api.resources.RootResource)

INFO  [2014-04-06 02:37:12,835] com.yammer.dropwizard.config.Environment: tasks = 

    POST    /tasks/gc (com.yammer.dropwizard.tasks.GarbageCollectionTask)

WARN  [2014-04-06 02:37:13,047] com.sun.jersey.spi.inject.Errors: The following warnings have been detected with resource and/or provider classes:
  WARNING: A sub-resource method, public edu.sjsu.cmpe.library.dto.BooksDto edu.sjsu.cmpe.library.api.resources.BookResource.getAllBooks(), with URI template, "/", is treated as a resource method
INFO  [2014-04-06 02:37:13,050] org.eclipse.jetty.server.AbstractConnector: Started InstrumentedBlockingChannelConnector@0.0.0.0:8002
INFO  [2014-04-06 02:37:13,051] org.eclipse.jetty.server.AbstractConnector: Started SocketConnector@0.0.0.0:9002
DEBUG [2014-04-06 02:44:20,143] edu.sjsu.cmpe.library.LibraryService: library-b - Queue name is /queue/99999.book.orders. Topic name is /topic/99999.book.computer
WARN  [2014-04-06 02:44:20,159] com.yammer.dropwizard.config.ServerFactory: 
!!!!!!!!!!!!!!!!!!!!!!!!!!!!!!!!!!!!!!!!!!!!!!!!!!!!!!!!!!!!!!!!!!!!!!!!!!!!!!!!
!!!!!!!!!!!!!!!!!!!!!!!!!!!!!!!!!!!!!!!!!!!!!!!!!!!!!!!!!!!!!!!!!!!!!!!!!!!!!!!!
!    THIS SERVICE HAS NO HEALTHCHECKS. THIS MEANS YOU WILL NEVER KNOW IF IT    !
!    DIES IN PRODUCTION, WHICH MEANS YOU WILL NEVER KNOW IF YOU'RE LETTING     !
!     YOUR USERS DOWN. YOU SHOULD ADD A HEALTHCHECK FOR EACH DEPENDENCY OF     !
!     YOUR SERVICE WHICH FULLY (BUT LIGHTLY) TESTS YOUR SERVICE'S ABILITY TO   !
!      USE THAT SERVICE. THINK OF IT AS A CONTINUOUS INTEGRATION TEST.         !
!!!!!!!!!!!!!!!!!!!!!!!!!!!!!!!!!!!!!!!!!!!!!!!!!!!!!!!!!!!!!!!!!!!!!!!!!!!!!!!!
!!!!!!!!!!!!!!!!!!!!!!!!!!!!!!!!!!!!!!!!!!!!!!!!!!!!!!!!!!!!!!!!!!!!!!!!!!!!!!!!
INFO  [2014-04-06 02:44:20,209] com.yammer.dropwizard.cli.ServerCommand: Starting library-service
INFO  [2014-04-06 02:44:20,211] org.eclipse.jetty.server.Server: jetty-8.1.10.v20130312
INFO  [2014-04-06 02:44:20,276] com.sun.jersey.server.impl.application.WebApplicationImpl: Initiating Jersey application, version 'Jersey: 1.17.1 02/28/2013 12:47 PM'
INFO  [2014-04-06 02:44:20,325] com.yammer.dropwizard.config.Environment: The following paths were found for the configured resources:

    DELETE  /library/v1/books/{isbn} (edu.sjsu.cmpe.library.api.resources.BookResource)
    GET     /library/v1/books/ (edu.sjsu.cmpe.library.api.resources.BookResource)
    GET     /library/v1/books/{isbn} (edu.sjsu.cmpe.library.api.resources.BookResource)
    POST    /library/v1/books (edu.sjsu.cmpe.library.api.resources.BookResource)
    PUT     /library/v1/books/{isbn} (edu.sjsu.cmpe.library.api.resources.BookResource)
    GET     /library/ (edu.sjsu.cmpe.library.ui.resources.HomeResource)
    GET     /library/v1/ (edu.sjsu.cmpe.library.api.resources.RootResource)

INFO  [2014-04-06 02:44:20,325] com.yammer.dropwizard.config.Environment: tasks = 

    POST    /tasks/gc (com.yammer.dropwizard.tasks.GarbageCollectionTask)

WARN  [2014-04-06 02:44:20,537] com.sun.jersey.spi.inject.Errors: The following warnings have been detected with resource and/or provider classes:
  WARNING: A sub-resource method, public edu.sjsu.cmpe.library.dto.BooksDto edu.sjsu.cmpe.library.api.resources.BookResource.getAllBooks(), with URI template, "/", is treated as a resource method
INFO  [2014-04-06 02:44:20,540] org.eclipse.jetty.server.AbstractConnector: Started InstrumentedBlockingChannelConnector@0.0.0.0:8002
INFO  [2014-04-06 02:44:20,541] org.eclipse.jetty.server.AbstractConnector: Started SocketConnector@0.0.0.0:9002
DEBUG [2014-04-06 03:01:56,389] edu.sjsu.cmpe.library.LibraryService: library-b - Queue name is /queue/99999.book.orders. Topic name is /topic/99999.book.computer
WARN  [2014-04-06 03:01:56,406] com.yammer.dropwizard.config.ServerFactory: 
!!!!!!!!!!!!!!!!!!!!!!!!!!!!!!!!!!!!!!!!!!!!!!!!!!!!!!!!!!!!!!!!!!!!!!!!!!!!!!!!
!!!!!!!!!!!!!!!!!!!!!!!!!!!!!!!!!!!!!!!!!!!!!!!!!!!!!!!!!!!!!!!!!!!!!!!!!!!!!!!!
!    THIS SERVICE HAS NO HEALTHCHECKS. THIS MEANS YOU WILL NEVER KNOW IF IT    !
!    DIES IN PRODUCTION, WHICH MEANS YOU WILL NEVER KNOW IF YOU'RE LETTING     !
!     YOUR USERS DOWN. YOU SHOULD ADD A HEALTHCHECK FOR EACH DEPENDENCY OF     !
!     YOUR SERVICE WHICH FULLY (BUT LIGHTLY) TESTS YOUR SERVICE'S ABILITY TO   !
!      USE THAT SERVICE. THINK OF IT AS A CONTINUOUS INTEGRATION TEST.         !
!!!!!!!!!!!!!!!!!!!!!!!!!!!!!!!!!!!!!!!!!!!!!!!!!!!!!!!!!!!!!!!!!!!!!!!!!!!!!!!!
!!!!!!!!!!!!!!!!!!!!!!!!!!!!!!!!!!!!!!!!!!!!!!!!!!!!!!!!!!!!!!!!!!!!!!!!!!!!!!!!
INFO  [2014-04-06 03:01:56,456] com.yammer.dropwizard.cli.ServerCommand: Starting library-service
INFO  [2014-04-06 03:01:56,458] org.eclipse.jetty.server.Server: jetty-8.1.10.v20130312
INFO  [2014-04-06 03:01:56,523] com.sun.jersey.server.impl.application.WebApplicationImpl: Initiating Jersey application, version 'Jersey: 1.17.1 02/28/2013 12:47 PM'
INFO  [2014-04-06 03:01:56,572] com.yammer.dropwizard.config.Environment: The following paths were found for the configured resources:

    DELETE  /library/v1/books/{isbn} (edu.sjsu.cmpe.library.api.resources.BookResource)
    GET     /library/v1/books/ (edu.sjsu.cmpe.library.api.resources.BookResource)
    GET     /library/v1/books/{isbn} (edu.sjsu.cmpe.library.api.resources.BookResource)
    POST    /library/v1/books (edu.sjsu.cmpe.library.api.resources.BookResource)
    PUT     /library/v1/books/{isbn} (edu.sjsu.cmpe.library.api.resources.BookResource)
    GET     /library/ (edu.sjsu.cmpe.library.ui.resources.HomeResource)
    GET     /library/v1/ (edu.sjsu.cmpe.library.api.resources.RootResource)

INFO  [2014-04-06 03:01:56,573] com.yammer.dropwizard.config.Environment: tasks = 

    POST    /tasks/gc (com.yammer.dropwizard.tasks.GarbageCollectionTask)

WARN  [2014-04-06 03:01:56,786] com.sun.jersey.spi.inject.Errors: The following warnings have been detected with resource and/or provider classes:
  WARNING: A sub-resource method, public edu.sjsu.cmpe.library.dto.BooksDto edu.sjsu.cmpe.library.api.resources.BookResource.getAllBooks(), with URI template, "/", is treated as a resource method
INFO  [2014-04-06 03:01:56,789] org.eclipse.jetty.server.AbstractConnector: Started InstrumentedBlockingChannelConnector@0.0.0.0:8002
INFO  [2014-04-06 03:01:56,790] org.eclipse.jetty.server.AbstractConnector: Started SocketConnector@0.0.0.0:9002
DEBUG [2014-04-06 03:06:30,746] edu.sjsu.cmpe.library.LibraryService: library-b - Queue name is /queue/99999.book.orders. Topic name is /topic/99999.book.computer
WARN  [2014-04-06 03:06:30,763] com.yammer.dropwizard.config.ServerFactory: 
!!!!!!!!!!!!!!!!!!!!!!!!!!!!!!!!!!!!!!!!!!!!!!!!!!!!!!!!!!!!!!!!!!!!!!!!!!!!!!!!
!!!!!!!!!!!!!!!!!!!!!!!!!!!!!!!!!!!!!!!!!!!!!!!!!!!!!!!!!!!!!!!!!!!!!!!!!!!!!!!!
!    THIS SERVICE HAS NO HEALTHCHECKS. THIS MEANS YOU WILL NEVER KNOW IF IT    !
!    DIES IN PRODUCTION, WHICH MEANS YOU WILL NEVER KNOW IF YOU'RE LETTING     !
!     YOUR USERS DOWN. YOU SHOULD ADD A HEALTHCHECK FOR EACH DEPENDENCY OF     !
!     YOUR SERVICE WHICH FULLY (BUT LIGHTLY) TESTS YOUR SERVICE'S ABILITY TO   !
!      USE THAT SERVICE. THINK OF IT AS A CONTINUOUS INTEGRATION TEST.         !
!!!!!!!!!!!!!!!!!!!!!!!!!!!!!!!!!!!!!!!!!!!!!!!!!!!!!!!!!!!!!!!!!!!!!!!!!!!!!!!!
!!!!!!!!!!!!!!!!!!!!!!!!!!!!!!!!!!!!!!!!!!!!!!!!!!!!!!!!!!!!!!!!!!!!!!!!!!!!!!!!
INFO  [2014-04-06 03:06:30,817] com.yammer.dropwizard.cli.ServerCommand: Starting library-service
INFO  [2014-04-06 03:06:30,818] org.eclipse.jetty.server.Server: jetty-8.1.10.v20130312
INFO  [2014-04-06 03:06:30,888] com.sun.jersey.server.impl.application.WebApplicationImpl: Initiating Jersey application, version 'Jersey: 1.17.1 02/28/2013 12:47 PM'
INFO  [2014-04-06 03:06:30,936] com.yammer.dropwizard.config.Environment: The following paths were found for the configured resources:

    DELETE  /library/v1/books/{isbn} (edu.sjsu.cmpe.library.api.resources.BookResource)
    GET     /library/v1/books/ (edu.sjsu.cmpe.library.api.resources.BookResource)
    GET     /library/v1/books/{isbn} (edu.sjsu.cmpe.library.api.resources.BookResource)
    POST    /library/v1/books (edu.sjsu.cmpe.library.api.resources.BookResource)
    PUT     /library/v1/books/{isbn} (edu.sjsu.cmpe.library.api.resources.BookResource)
    GET     /library/ (edu.sjsu.cmpe.library.ui.resources.HomeResource)
    GET     /library/v1/ (edu.sjsu.cmpe.library.api.resources.RootResource)

INFO  [2014-04-06 03:06:30,936] com.yammer.dropwizard.config.Environment: tasks = 

    POST    /tasks/gc (com.yammer.dropwizard.tasks.GarbageCollectionTask)

WARN  [2014-04-06 03:06:31,144] com.sun.jersey.spi.inject.Errors: The following warnings have been detected with resource and/or provider classes:
  WARNING: A sub-resource method, public edu.sjsu.cmpe.library.dto.BooksDto edu.sjsu.cmpe.library.api.resources.BookResource.getAllBooks(), with URI template, "/", is treated as a resource method
INFO  [2014-04-06 03:06:31,147] org.eclipse.jetty.server.AbstractConnector: Started InstrumentedBlockingChannelConnector@0.0.0.0:8002
INFO  [2014-04-06 03:06:31,148] org.eclipse.jetty.server.AbstractConnector: Started SocketConnector@0.0.0.0:9002
DEBUG [2014-04-06 03:25:56,441] edu.sjsu.cmpe.library.LibraryService: library-b - Queue name is /queue/99999.book.orders. Topic name is /topic/99999.book.computer
WARN  [2014-04-06 03:25:56,470] com.yammer.dropwizard.config.ServerFactory: 
!!!!!!!!!!!!!!!!!!!!!!!!!!!!!!!!!!!!!!!!!!!!!!!!!!!!!!!!!!!!!!!!!!!!!!!!!!!!!!!!
!!!!!!!!!!!!!!!!!!!!!!!!!!!!!!!!!!!!!!!!!!!!!!!!!!!!!!!!!!!!!!!!!!!!!!!!!!!!!!!!
!    THIS SERVICE HAS NO HEALTHCHECKS. THIS MEANS YOU WILL NEVER KNOW IF IT    !
!    DIES IN PRODUCTION, WHICH MEANS YOU WILL NEVER KNOW IF YOU'RE LETTING     !
!     YOUR USERS DOWN. YOU SHOULD ADD A HEALTHCHECK FOR EACH DEPENDENCY OF     !
!     YOUR SERVICE WHICH FULLY (BUT LIGHTLY) TESTS YOUR SERVICE'S ABILITY TO   !
!      USE THAT SERVICE. THINK OF IT AS A CONTINUOUS INTEGRATION TEST.         !
!!!!!!!!!!!!!!!!!!!!!!!!!!!!!!!!!!!!!!!!!!!!!!!!!!!!!!!!!!!!!!!!!!!!!!!!!!!!!!!!
!!!!!!!!!!!!!!!!!!!!!!!!!!!!!!!!!!!!!!!!!!!!!!!!!!!!!!!!!!!!!!!!!!!!!!!!!!!!!!!!
INFO  [2014-04-06 03:25:56,520] com.yammer.dropwizard.cli.ServerCommand: Starting library-service
INFO  [2014-04-06 03:25:56,522] org.eclipse.jetty.server.Server: jetty-8.1.10.v20130312
INFO  [2014-04-06 03:25:56,589] com.sun.jersey.server.impl.application.WebApplicationImpl: Initiating Jersey application, version 'Jersey: 1.17.1 02/28/2013 12:47 PM'
INFO  [2014-04-06 03:25:56,637] com.yammer.dropwizard.config.Environment: The following paths were found for the configured resources:

    DELETE  /library/v1/books/{isbn} (edu.sjsu.cmpe.library.api.resources.BookResource)
    GET     /library/v1/books/ (edu.sjsu.cmpe.library.api.resources.BookResource)
    GET     /library/v1/books/{isbn} (edu.sjsu.cmpe.library.api.resources.BookResource)
    POST    /library/v1/books (edu.sjsu.cmpe.library.api.resources.BookResource)
    PUT     /library/v1/books/{isbn} (edu.sjsu.cmpe.library.api.resources.BookResource)
    GET     /library/ (edu.sjsu.cmpe.library.ui.resources.HomeResource)
    GET     /library/v1/ (edu.sjsu.cmpe.library.api.resources.RootResource)

INFO  [2014-04-06 03:25:56,637] com.yammer.dropwizard.config.Environment: tasks = 

    POST    /tasks/gc (com.yammer.dropwizard.tasks.GarbageCollectionTask)

WARN  [2014-04-06 03:25:56,851] com.sun.jersey.spi.inject.Errors: The following warnings have been detected with resource and/or provider classes:
  WARNING: A sub-resource method, public edu.sjsu.cmpe.library.dto.BooksDto edu.sjsu.cmpe.library.api.resources.BookResource.getAllBooks(), with URI template, "/", is treated as a resource method
INFO  [2014-04-06 03:25:56,854] org.eclipse.jetty.server.AbstractConnector: Started InstrumentedBlockingChannelConnector@0.0.0.0:8002
INFO  [2014-04-06 03:25:56,855] org.eclipse.jetty.server.AbstractConnector: Started SocketConnector@0.0.0.0:9002
